<?xml version="1.0" encoding="UTF-8"?>
<testsuite name="com.vinaylogics.springdata.jdbc.annotations.daos.EmployeeDaoTest" tests="1" skipped="0" failures="0" errors="0" timestamp="2020-11-06T13:42:44" hostname="DESKTOP-3P18DGO" time="0.655">
  <properties/>
  <testcase name="saveEmployee()" classname="com.vinaylogics.springdata.jdbc.annotations.daos.EmployeeDaoTest" time="0.655"/>
  <system-out><![CDATA[]]></system-out>
  <system-err><![CDATA[]]></system-err>
</testsuite>
