<?xml version="1.0" encoding="UTF-8"?>
<testsuite name="com.vinaylogics.springbasics.core.annotations.configurations.SimpleConfigurationTest" tests="1" skipped="0" failures="0" errors="0" timestamp="2020-11-04T14:20:52" hostname="DESKTOP-3P18DGO" time="0.231">
  <properties/>
  <testcase name="simpleBean()" classname="com.vinaylogics.springbasics.core.annotations.configurations.SimpleConfigurationTest" time="0.231"/>
  <system-out><![CDATA[]]></system-out>
  <system-err><![CDATA[]]></system-err>
</testsuite>
