<?xml version="1.0" encoding="UTF-8"?>
<testsuite name="com.vinaylogics.springbasics.springdata.jpa.annotations.daos.EmployeeDaoTest" tests="1" skipped="0" failures="0" errors="0" timestamp="2020-11-23T14:58:24" hostname="DESKTOP-3P18DGO" time="1.628">
  <properties/>
  <testcase name="findAll()" classname="com.vinaylogics.springbasics.springdata.jpa.annotations.daos.EmployeeDaoTest" time="1.628"/>
  <system-out><![CDATA[Hibernate: 
    select
        employee0_.id as id1_0_,
        employee0_.name as name2_0_,
        employee0_.salary as salary3_0_ 
    from
        employees employee0_
Employee{id=1, name='Bhuvana', salary=1000000.0}
Employee{id=2, name='Bhuvana', salary=1000000.0}
Employee{id=3, name='Veilu', salary=1000000.0}
Employee{id=4, name='Veilu', salary=1000000.0}
Employee{id=5, name='Veilu', salary=1000000.0}
]]></system-out>
  <system-err><![CDATA[Nov 23, 2020 8:28:24 PM org.hibernate.Version logVersion
INFO: HHH000412: Hibernate ORM core version 5.4.23.Final
Nov 23, 2020 8:28:24 PM org.hibernate.annotations.common.reflection.java.JavaReflectionManager <clinit>
INFO: HCANN000001: Hibernate Commons Annotations {5.1.2.Final}
Nov 23, 2020 8:28:25 PM org.hibernate.dialect.Dialect <init>
INFO: HHH000400: Using dialect: org.hibernate.dialect.MySQL8Dialect
Nov 23, 2020 8:28:25 PM org.hibernate.engine.transaction.jta.platform.internal.JtaPlatformInitiator initiateService
INFO: HHH000490: Using JtaPlatform implementation: [org.hibernate.engine.transaction.jta.platform.internal.NoJtaPlatform]
]]></system-err>
</testsuite>
