<?xml version="1.0" encoding="UTF-8"?>
<testsuite name="com.vinaylogics.springbasics.springdata.jpa.annotations.daos.EmployeeDaoTest" tests="1" skipped="0" failures="0" errors="0" timestamp="2020-11-06T14:57:46" hostname="DESKTOP-3P18DGO" time="1.596">
  <properties/>
  <testcase name="saveEmployee()" classname="com.vinaylogics.springbasics.springdata.jpa.annotations.daos.EmployeeDaoTest" time="1.596"/>
  <system-out><![CDATA[Hibernate: 
    insert 
    into
        employees
        (name, salary) 
    values
        (?, ?)
]]></system-out>
  <system-err><![CDATA[Nov 06, 2020 8:27:46 PM org.hibernate.Version logVersion
INFO: HHH000412: Hibernate ORM core version 5.4.23.Final
Nov 06, 2020 8:27:47 PM org.hibernate.annotations.common.reflection.java.JavaReflectionManager <clinit>
INFO: HCANN000001: Hibernate Commons Annotations {5.1.2.Final}
Nov 06, 2020 8:27:47 PM org.hibernate.dialect.Dialect <init>
INFO: HHH000400: Using dialect: org.hibernate.dialect.MySQL8Dialect
Nov 06, 2020 8:27:47 PM org.hibernate.engine.transaction.jta.platform.internal.JtaPlatformInitiator initiateService
INFO: HHH000490: Using JtaPlatform implementation: [org.hibernate.engine.transaction.jta.platform.internal.NoJtaPlatform]
]]></system-err>
</testsuite>
