<?xml version="1.0" encoding="UTF-8"?>
<testsuite name="com.vinaylogics.springbasics.basics.di.MultiPlexStoreTest" tests="1" skipped="0" failures="0" errors="0" timestamp="2020-11-19T15:39:55" hostname="DESKTOP-3P18DGO" time="0.022">
  <properties/>
  <testcase name="Loose Coupling Test With That Type Of Product" classname="com.vinaylogics.springbasics.basics.di.MultiPlexStoreTest" time="0.022"/>
  <system-out><![CDATA[]]></system-out>
  <system-err><![CDATA[]]></system-err>
</testsuite>
