<?xml version="1.0" encoding="UTF-8"?>
<testsuite name="com.vinaylogics.designpattern.creational.builder.BuilderTest" tests="1" skipped="0" failures="0" errors="0" timestamp="2021-02-18T14:51:55" hostname="DESKTOP-3P18DGO" time="0.018">
  <properties/>
  <testcase name="Test person builder with name creation" classname="com.vinaylogics.designpattern.creational.builder.BuilderTest" time="0.018"/>
  <system-out><![CDATA[]]></system-out>
  <system-err><![CDATA[]]></system-err>
</testsuite>
