<?xml version="1.0" encoding="UTF-8"?>
<testsuite name="com.vinaylogics.designpattern.creational.abstract_factory.AbstractionFactoryTest" tests="3" skipped="0" failures="0" errors="0" timestamp="2020-10-07T13:32:16" hostname="DESKTOP-3P18DGO" time="0.033">
  <properties/>
  <testcase name="testAbstractFactory(CarType)[1]" classname="com.vinaylogics.designpattern.creational.abstract_factory.AbstractionFactoryTest" time="0.028"/>
  <testcase name="testAbstractFactory(CarType)[2]" classname="com.vinaylogics.designpattern.creational.abstract_factory.AbstractionFactoryTest" time="0.001"/>
  <testcase name="testAbstractFactory(CarType)[3]" classname="com.vinaylogics.designpattern.creational.abstract_factory.AbstractionFactoryTest" time="0.0"/>
  <system-out><![CDATA[Connecting to micro car
Car{Car Model=MICRO, Located in =INDIA}
Connecting to mini car
Car{Car Model=MICRO, Located in =INDIA}
Connecting to luxury car
Car{Car Model=LUXURY, Located in =INDIA}
]]></system-out>
  <system-err><![CDATA[]]></system-err>
</testsuite>
