<?xml version="1.0" encoding="UTF-8"?>
<testsuite name="com.vinaylogics.learnadvancejava.jdbc.util.ConnectionManagerDMLTest" tests="5" skipped="0" failures="0" errors="0" timestamp="2020-07-03T07:35:14" hostname="DESKTOP-3P18DGO" time="0.732">
  <properties/>
  <testcase name="testForIndividualRecord(int)[1]" classname="com.vinaylogics.learnadvancejava.jdbc.util.ConnectionManagerDMLTest" time="0.67"/>
  <testcase name="testForIndividualRecord(int)[2]" classname="com.vinaylogics.learnadvancejava.jdbc.util.ConnectionManagerDMLTest" time="0.018"/>
  <testcase name="testForIndividualRecord(int)[3]" classname="com.vinaylogics.learnadvancejava.jdbc.util.ConnectionManagerDMLTest" time="0.014"/>
  <testcase name="testForIndividualRecord(int)[4]" classname="com.vinaylogics.learnadvancejava.jdbc.util.ConnectionManagerDMLTest" time="0.011"/>
  <testcase name="testForIndividualRecord(int)[5]" classname="com.vinaylogics.learnadvancejava.jdbc.util.ConnectionManagerDMLTest" time="0.013"/>
  <system-out><![CDATA[ | 1 |  | updateName1 | 
===================== Record Next ==========================
 | 2 |  | updateName2 | 
===================== Record Next ==========================
 | 3 |  | updateName3 | 
===================== Record Next ==========================
 | 4 |  | updateName4 | 
===================== Record Next ==========================
 | 5 |  | updateName5 | 
===================== Record Next ==========================
]]></system-out>
  <system-err><![CDATA[]]></system-err>
</testsuite>
