<?xml version="1.0" encoding="UTF-8"?>
<testsuite name="com.vinaylogics.springbasics.springjdbcannotations.dao.EmployeeDaoTest" tests="1" skipped="0" failures="0" errors="0" timestamp="2020-07-06T12:50:48" hostname="DESKTOP-3P18DGO" time="0.973">
  <properties/>
  <testcase name="saveEmployee()" classname="com.vinaylogics.springbasics.springjdbcannotations.dao.EmployeeDaoTest" time="0.973"/>
  <system-out><![CDATA[]]></system-out>
  <system-err><![CDATA[]]></system-err>
</testsuite>
