<?xml version="1.0" encoding="UTF-8"?>
<testsuite name="com.vinaylogics.springbaiscs.springcorexml.model.StoreTest" tests="1" skipped="0" failures="0" errors="0" timestamp="2020-06-30T13:14:08" hostname="DESKTOP-3P18DGO" time="0.249">
  <properties/>
  <testcase name="testCollectionBean()" classname="com.vinaylogics.springbaiscs.springcorexml.model.StoreTest" time="0.249"/>
  <system-out><![CDATA[Setter Address List [INDIA, USA, USA, Pakistan]
Setter Address Set [INDIA, USA, Pakistan]
Setter Address Map {1=India, 2=Pakistan, 3=USA, 4=USA}
Setter Address Prop {two=Pakistan, one=INDIA, three=INDIA, four=INDIA}
Setter name 
Setter nullName null
Getter Address List [INDIA, USA, USA, Pakistan]
Getter Address Set [INDIA, USA, Pakistan]
Getter Address Map {1=India, 2=Pakistan, 3=USA, 4=USA}
Getter Address Prop {two=Pakistan, one=INDIA, three=INDIA, four=INDIA}
Getter name 
Getter nullName null
]]></system-out>
  <system-err><![CDATA[]]></system-err>
</testsuite>
