<?xml version="1.0" encoding="UTF-8"?>
<testsuite name="com.vinaylogics.springbasics.springunderstand.model.StudentDILooseCoupleTest" tests="1" skipped="0" failures="0" errors="0" timestamp="2020-06-29T13:16:45" hostname="DESKTOP-3P18DGO" time="0.012">
  <properties/>
  <testcase name="testCreateAddressPost()" classname="com.vinaylogics.springbasics.springunderstand.model.StudentDILooseCoupleTest" time="0.012"/>
  <system-out><![CDATA[]]></system-out>
  <system-err><![CDATA[]]></system-err>
</testsuite>
