<?xml version="1.0" encoding="UTF-8"?>
<testsuite name="To Test the DI" tests="1" skipped="0" failures="0" errors="0" timestamp="2021-01-30T06:16:25" hostname="DESKTOP-3P18DGO" time="0.017">
  <properties/>
  <testcase name="Test Creration Object depends on concrete object" classname="com.vinaylogics.springbasics.springunderstand.model.StudentDITest" time="0.017"/>
  <system-out><![CDATA[]]></system-out>
  <system-err><![CDATA[]]></system-err>
</testsuite>
