<?xml version="1.0" encoding="UTF-8"?>
<testsuite name="com.vinaylogics.springbasics.data.jpa.xml.daos.EmployeeDaoTest" tests="1" skipped="0" failures="0" errors="0" timestamp="2020-11-06T14:11:54" hostname="DESKTOP-3P18DGO" time="1.488">
  <properties/>
  <testcase name="saveEmployee()" classname="com.vinaylogics.springbasics.data.jpa.xml.daos.EmployeeDaoTest" time="1.488"/>
  <system-out><![CDATA[Hibernate: create table employees (id bigint not null auto_increment, name varchar(255), salary float, primary key (id)) engine=InnoDB
]]></system-out>
  <system-err><![CDATA[Nov 06, 2020 7:41:54 PM org.hibernate.jpa.internal.util.LogHelper logPersistenceUnitInformation
INFO: HHH000204: Processing PersistenceUnitInfo [name: default]
Nov 06, 2020 7:41:54 PM org.hibernate.Version logVersion
INFO: HHH000412: Hibernate ORM core version 5.4.23.Final
Nov 06, 2020 7:41:54 PM org.hibernate.annotations.common.reflection.java.JavaReflectionManager <clinit>
INFO: HCANN000001: Hibernate Commons Annotations {5.1.2.Final}
Nov 06, 2020 7:41:54 PM org.hibernate.dialect.Dialect <init>
INFO: HHH000400: Using dialect: org.hibernate.dialect.MySQL57Dialect
Nov 06, 2020 7:41:55 PM org.hibernate.engine.transaction.jta.platform.internal.JtaPlatformInitiator initiateService
INFO: HHH000490: Using JtaPlatform implementation: [org.hibernate.engine.transaction.jta.platform.internal.NoJtaPlatform]
[Test worker] INFO org.springframework.orm.jpa.LocalContainerEntityManagerFactoryBean - Initialized JPA EntityManagerFactory for persistence unit 'default'
]]></system-err>
</testsuite>
