<?xml version="1.0" encoding="UTF-8"?>
<testsuite name="com.vinaylogics.hibernate_tutorial.hibernate_cache.hibernate_ehcache.HibernateCacheTest" tests="1" skipped="0" failures="0" errors="0" timestamp="2020-10-22T13:49:10" hostname="DESKTOP-3P18DGO" time="2.063">
  <properties/>
  <testcase name="testCaching()" classname="com.vinaylogics.hibernate_tutorial.hibernate_cache.hibernate_ehcache.HibernateCacheTest" time="2.063"/>
  <system-out><![CDATA[Stats enabled=false
Stats enabled=true
***** 0 *****
Fetch Count=0
Second Level Hit Count=0
Second Level Miss Count=0
Second Level Put Count=0
Hibernate: select employee0_.id as id1_0_0_, employee0_.first_name as first_na2_0_0_, employee0_.last_name as last_nam3_0_0_ from employees employee0_ where employee0_.id=?
2::Employee{id=15, firstName='Employee_First_15', lastName='Employee_Last_15'}
***** 2 *****
Fetch Count=1
Second Level Hit Count=0
Second Level Miss Count=1
Second Level Put Count=1
3::Employee{id=15, firstName='Employee_First_15', lastName='Employee_Last_15'}
***** 3 *****
Fetch Count=1
Second Level Hit Count=1
Second Level Miss Count=1
Second Level Put Count=1
Hibernate: select employee0_.id as id1_0_0_, employee0_.first_name as first_na2_0_0_, employee0_.last_name as last_nam3_0_0_ from employees employee0_ where employee0_.id=?
4::Employee{id=16, firstName='Employee_First_16', lastName='Employee_Last_16'}
***** 4 *****
Fetch Count=2
Second Level Hit Count=1
Second Level Miss Count=2
Second Level Put Count=2
5::Employee{id=16, firstName='Employee_First_16', lastName='Employee_Last_16'}
***** 5 *****
Fetch Count=2
Second Level Hit Count=2
Second Level Miss Count=2
Second Level Put Count=2
]]></system-out>
  <system-err><![CDATA[Oct 22, 2020 7:19:10 PM org.hibernate.Version logVersion
INFO: HHH000412: Hibernate ORM core version 5.4.22.Final
Oct 22, 2020 7:19:10 PM org.hibernate.boot.jaxb.internal.stax.LocalXmlResourceResolver resolveEntity
WARN: HHH90000012: Recognized obsolete hibernate namespace http://hibernate.sourceforge.net/hibernate-configuration. Use namespace http://www.hibernate.org/dtd/hibernate-configuration instead.  Support for obsolete DTD/XSD namespaces may be removed at any time.
Oct 22, 2020 7:19:10 PM org.hibernate.cache.ehcache.internal.EhcacheRegionFactory <init>
WARN: HHH020100: The Ehcache second-level cache provider for Hibernate is deprecated.  See https://hibernate.atlassian.net/browse/HHH-12441 for details.
Oct 22, 2020 7:19:10 PM org.hibernate.annotations.common.reflection.java.JavaReflectionManager <clinit>
INFO: HCANN000001: Hibernate Commons Annotations {5.1.0.Final}
Oct 22, 2020 7:19:10 PM org.hibernate.engine.jdbc.connections.internal.DriverManagerConnectionProviderImpl configure
WARN: HHH10001002: Using Hibernate built-in connection pool (not for production use!)
Oct 22, 2020 7:19:10 PM org.hibernate.engine.jdbc.connections.internal.DriverManagerConnectionProviderImpl buildCreator
INFO: HHH10001005: using driver [com.mysql.cj.jdbc.Driver] at URL [jdbc:mysql://localhost:3306/h_ehcache]
Oct 22, 2020 7:19:10 PM org.hibernate.engine.jdbc.connections.internal.DriverManagerConnectionProviderImpl buildCreator
INFO: HHH10001001: Connection properties: {user=vinay, password=****}
Oct 22, 2020 7:19:10 PM org.hibernate.engine.jdbc.connections.internal.DriverManagerConnectionProviderImpl buildCreator
INFO: HHH10001003: Autocommit mode: false
Oct 22, 2020 7:19:10 PM org.hibernate.engine.jdbc.connections.internal.DriverManagerConnectionProviderImpl$PooledConnections <init>
INFO: HHH000115: Hibernate connection pool size: 20 (min=1)
Oct 22, 2020 7:19:11 PM org.hibernate.dialect.Dialect <init>
INFO: HHH000400: Using dialect: org.hibernate.dialect.MySQL8Dialect
SLF4J: Failed to load class "org.slf4j.impl.StaticLoggerBinder".
SLF4J: Defaulting to no-operation (NOP) logger implementation
SLF4J: See http://www.slf4j.org/codes.html#StaticLoggerBinder for further details.
Oct 22, 2020 7:19:11 PM org.hibernate.cache.ehcache.internal.EhcacheRegionFactory createCache
WARN: HHH90001006: Missing cache[employees] was created on-the-fly. The created cache will use a provider-specific default configuration: make sure you defined one. You can disable this warning by setting 'hibernate.cache.ehcache.missing_cache_strategy' to 'create'.
Oct 22, 2020 7:19:12 PM org.hibernate.cache.spi.support.EntityReadOnlyAccess <init>
WARN: HHH90001003: Read-only caching was requested for mutable entity [NavigableRole[com.vinaylogics.hibernate_tutorial.hibernate_cache.hibernate_ehcache.models.Employee]]
Oct 22, 2020 7:19:12 PM org.hibernate.resource.transaction.backend.jdbc.internal.DdlTransactionIsolatorNonJtaImpl getIsolatedConnection
INFO: HHH10001501: Connection obtained from JdbcConnectionAccess [org.hibernate.engine.jdbc.env.internal.JdbcEnvironmentInitiator$ConnectionProviderJdbcConnectionAccess@55b10382] for (non-JTA) DDL execution was not in auto-commit mode; the Connection 'local transaction' will be committed and the Connection will be set into auto-commit mode.
Oct 22, 2020 7:19:12 PM org.hibernate.engine.transaction.jta.platform.internal.JtaPlatformInitiator initiateService
INFO: HHH000490: Using JtaPlatform implementation: [org.hibernate.engine.transaction.jta.platform.internal.NoJtaPlatform]
Oct 22, 2020 7:19:12 PM org.hibernate.engine.jdbc.connections.internal.DriverManagerConnectionProviderImpl$PoolState stop
INFO: HHH10001008: Cleaning up connection pool [jdbc:mysql://localhost:3306/h_ehcache]
]]></system-err>
</testsuite>
