<?xml version="1.0" encoding="UTF-8"?>
<testsuite name="com.vinaylogics.springbasics.springmvcdemo.dao.EmployeeRepositoryTest" tests="5" skipped="0" failures="0" errors="0" timestamp="2020-07-07T13:49:29" hostname="DESKTOP-3P18DGO" time="0.658">
  <properties/>
  <testcase name="testGetEmployeeById(int)[1]" classname="com.vinaylogics.springbasics.springmvcdemo.dao.EmployeeRepositoryTest" time="0.633"/>
  <testcase name="testGetEmployeeById(int)[2]" classname="com.vinaylogics.springbasics.springmvcdemo.dao.EmployeeRepositoryTest" time="0.006"/>
  <testcase name="testGetEmployeeById(int)[3]" classname="com.vinaylogics.springbasics.springmvcdemo.dao.EmployeeRepositoryTest" time="0.004"/>
  <testcase name="testGetEmployeeById(int)[4]" classname="com.vinaylogics.springbasics.springmvcdemo.dao.EmployeeRepositoryTest" time="0.005"/>
  <testcase name="testGetEmployeeById(int)[5]" classname="com.vinaylogics.springbasics.springmvcdemo.dao.EmployeeRepositoryTest" time="0.004"/>
  <system-out><![CDATA[Employee{id=1, name='Saini', salary=50000.0}
Employee{id=2, name='Vinay', salary=60000.0}
Employee{id=3, name='Subash', salary=100000.0}
Employee{id=4, name='Aravind', salary=20000.0}
Employee{id=5, name='Astro', salary=12000.0}
]]></system-out>
  <system-err><![CDATA[[Test worker] INFO org.springframework.test.context.web.WebTestContextBootstrapper - Loaded default TestExecutionListener class names from location [META-INF/spring.factories]: [org.springframework.test.context.web.ServletTestExecutionListener, org.springframework.test.context.support.DirtiesContextBeforeModesTestExecutionListener, org.springframework.test.context.support.DependencyInjectionTestExecutionListener, org.springframework.test.context.support.DirtiesContextTestExecutionListener, org.springframework.test.context.transaction.TransactionalTestExecutionListener, org.springframework.test.context.jdbc.SqlScriptsTestExecutionListener, org.springframework.test.context.event.EventPublishingTestExecutionListener]
[Test worker] INFO org.springframework.test.context.web.WebTestContextBootstrapper - Using TestExecutionListeners: [org.springframework.test.context.web.ServletTestExecutionListener@4cfdf3ad, org.springframework.test.context.support.DirtiesContextBeforeModesTestExecutionListener@3ee6f5a3, org.springframework.test.context.support.DependencyInjectionTestExecutionListener@6c7969df, org.springframework.test.context.support.DirtiesContextTestExecutionListener@7f4c3d74, org.springframework.test.context.transaction.TransactionalTestExecutionListener@5c8fc9ab, org.springframework.test.context.jdbc.SqlScriptsTestExecutionListener@55cd7474, org.springframework.test.context.event.EventPublishingTestExecutionListener@72ddc883]
[Test worker] INFO org.springframework.test.context.transaction.TransactionContext - Began transaction (1) for test context [DefaultTestContext@679bd1ee testClass = EmployeeRepositoryTest, testInstance = com.vinaylogics.springbasics.springmvcdemo.dao.EmployeeRepositoryTest@34079885, testMethod = testGetEmployeeById@EmployeeRepositoryTest, testException = [null], mergedContextConfiguration = [WebMergedContextConfiguration@26d8ee77 testClass = EmployeeRepositoryTest, locations = '{classpath:webapp/WEB-INF/applicationConfig.xml}', classes = '{}', contextInitializerClasses = '[]', activeProfiles = '{}', propertySourceLocations = '{}', propertySourceProperties = '{}', contextCustomizers = set[[empty]], resourceBasePath = 'src/main/webapp', contextLoader = 'org.springframework.test.context.web.WebDelegatingSmartContextLoader', parent = [null]], attributes = map['org.springframework.test.context.web.ServletTestExecutionListener.populatedRequestContextHolder' -> true, 'org.springframework.test.context.web.ServletTestExecutionListener.resetRequestContextHolder' -> true]]; transaction manager [org.springframework.jdbc.datasource.DataSourceTransactionManager@7ffa9cb3]; rollback [true]
[Test worker] INFO org.springframework.test.context.transaction.TransactionContext - Rolled back transaction for test: [DefaultTestContext@679bd1ee testClass = EmployeeRepositoryTest, testInstance = com.vinaylogics.springbasics.springmvcdemo.dao.EmployeeRepositoryTest@34079885, testMethod = testGetEmployeeById@EmployeeRepositoryTest, testException = [null], mergedContextConfiguration = [WebMergedContextConfiguration@26d8ee77 testClass = EmployeeRepositoryTest, locations = '{classpath:webapp/WEB-INF/applicationConfig.xml}', classes = '{}', contextInitializerClasses = '[]', activeProfiles = '{}', propertySourceLocations = '{}', propertySourceProperties = '{}', contextCustomizers = set[[empty]], resourceBasePath = 'src/main/webapp', contextLoader = 'org.springframework.test.context.web.WebDelegatingSmartContextLoader', parent = [null]], attributes = map['org.springframework.test.context.web.ServletTestExecutionListener.populatedRequestContextHolder' -> true, 'org.springframework.test.context.web.ServletTestExecutionListener.resetRequestContextHolder' -> true]]
[Test worker] INFO org.springframework.test.context.transaction.TransactionContext - Began transaction (1) for test context [DefaultTestContext@679bd1ee testClass = EmployeeRepositoryTest, testInstance = com.vinaylogics.springbasics.springmvcdemo.dao.EmployeeRepositoryTest@1a4ffa2c, testMethod = testGetEmployeeById@EmployeeRepositoryTest, testException = [null], mergedContextConfiguration = [WebMergedContextConfiguration@26d8ee77 testClass = EmployeeRepositoryTest, locations = '{classpath:webapp/WEB-INF/applicationConfig.xml}', classes = '{}', contextInitializerClasses = '[]', activeProfiles = '{}', propertySourceLocations = '{}', propertySourceProperties = '{}', contextCustomizers = set[[empty]], resourceBasePath = 'src/main/webapp', contextLoader = 'org.springframework.test.context.web.WebDelegatingSmartContextLoader', parent = [null]], attributes = map['org.springframework.test.context.web.ServletTestExecutionListener.populatedRequestContextHolder' -> true, 'org.springframework.test.context.web.ServletTestExecutionListener.resetRequestContextHolder' -> true]]; transaction manager [org.springframework.jdbc.datasource.DataSourceTransactionManager@7ffa9cb3]; rollback [true]
[Test worker] INFO org.springframework.test.context.transaction.TransactionContext - Rolled back transaction for test: [DefaultTestContext@679bd1ee testClass = EmployeeRepositoryTest, testInstance = com.vinaylogics.springbasics.springmvcdemo.dao.EmployeeRepositoryTest@1a4ffa2c, testMethod = testGetEmployeeById@EmployeeRepositoryTest, testException = [null], mergedContextConfiguration = [WebMergedContextConfiguration@26d8ee77 testClass = EmployeeRepositoryTest, locations = '{classpath:webapp/WEB-INF/applicationConfig.xml}', classes = '{}', contextInitializerClasses = '[]', activeProfiles = '{}', propertySourceLocations = '{}', propertySourceProperties = '{}', contextCustomizers = set[[empty]], resourceBasePath = 'src/main/webapp', contextLoader = 'org.springframework.test.context.web.WebDelegatingSmartContextLoader', parent = [null]], attributes = map['org.springframework.test.context.web.ServletTestExecutionListener.populatedRequestContextHolder' -> true, 'org.springframework.test.context.web.ServletTestExecutionListener.resetRequestContextHolder' -> true]]
[Test worker] INFO org.springframework.test.context.transaction.TransactionContext - Began transaction (1) for test context [DefaultTestContext@679bd1ee testClass = EmployeeRepositoryTest, testInstance = com.vinaylogics.springbasics.springmvcdemo.dao.EmployeeRepositoryTest@6bbf3f85, testMethod = testGetEmployeeById@EmployeeRepositoryTest, testException = [null], mergedContextConfiguration = [WebMergedContextConfiguration@26d8ee77 testClass = EmployeeRepositoryTest, locations = '{classpath:webapp/WEB-INF/applicationConfig.xml}', classes = '{}', contextInitializerClasses = '[]', activeProfiles = '{}', propertySourceLocations = '{}', propertySourceProperties = '{}', contextCustomizers = set[[empty]], resourceBasePath = 'src/main/webapp', contextLoader = 'org.springframework.test.context.web.WebDelegatingSmartContextLoader', parent = [null]], attributes = map['org.springframework.test.context.web.ServletTestExecutionListener.populatedRequestContextHolder' -> true, 'org.springframework.test.context.web.ServletTestExecutionListener.resetRequestContextHolder' -> true]]; transaction manager [org.springframework.jdbc.datasource.DataSourceTransactionManager@7ffa9cb3]; rollback [true]
[Test worker] INFO org.springframework.test.context.transaction.TransactionContext - Rolled back transaction for test: [DefaultTestContext@679bd1ee testClass = EmployeeRepositoryTest, testInstance = com.vinaylogics.springbasics.springmvcdemo.dao.EmployeeRepositoryTest@6bbf3f85, testMethod = testGetEmployeeById@EmployeeRepositoryTest, testException = [null], mergedContextConfiguration = [WebMergedContextConfiguration@26d8ee77 testClass = EmployeeRepositoryTest, locations = '{classpath:webapp/WEB-INF/applicationConfig.xml}', classes = '{}', contextInitializerClasses = '[]', activeProfiles = '{}', propertySourceLocations = '{}', propertySourceProperties = '{}', contextCustomizers = set[[empty]], resourceBasePath = 'src/main/webapp', contextLoader = 'org.springframework.test.context.web.WebDelegatingSmartContextLoader', parent = [null]], attributes = map['org.springframework.test.context.web.ServletTestExecutionListener.populatedRequestContextHolder' -> true, 'org.springframework.test.context.web.ServletTestExecutionListener.resetRequestContextHolder' -> true]]
[Test worker] INFO org.springframework.test.context.transaction.TransactionContext - Began transaction (1) for test context [DefaultTestContext@679bd1ee testClass = EmployeeRepositoryTest, testInstance = com.vinaylogics.springbasics.springmvcdemo.dao.EmployeeRepositoryTest@7c7c20f8, testMethod = testGetEmployeeById@EmployeeRepositoryTest, testException = [null], mergedContextConfiguration = [WebMergedContextConfiguration@26d8ee77 testClass = EmployeeRepositoryTest, locations = '{classpath:webapp/WEB-INF/applicationConfig.xml}', classes = '{}', contextInitializerClasses = '[]', activeProfiles = '{}', propertySourceLocations = '{}', propertySourceProperties = '{}', contextCustomizers = set[[empty]], resourceBasePath = 'src/main/webapp', contextLoader = 'org.springframework.test.context.web.WebDelegatingSmartContextLoader', parent = [null]], attributes = map['org.springframework.test.context.web.ServletTestExecutionListener.populatedRequestContextHolder' -> true, 'org.springframework.test.context.web.ServletTestExecutionListener.resetRequestContextHolder' -> true]]; transaction manager [org.springframework.jdbc.datasource.DataSourceTransactionManager@7ffa9cb3]; rollback [true]
[Test worker] INFO org.springframework.test.context.transaction.TransactionContext - Rolled back transaction for test: [DefaultTestContext@679bd1ee testClass = EmployeeRepositoryTest, testInstance = com.vinaylogics.springbasics.springmvcdemo.dao.EmployeeRepositoryTest@7c7c20f8, testMethod = testGetEmployeeById@EmployeeRepositoryTest, testException = [null], mergedContextConfiguration = [WebMergedContextConfiguration@26d8ee77 testClass = EmployeeRepositoryTest, locations = '{classpath:webapp/WEB-INF/applicationConfig.xml}', classes = '{}', contextInitializerClasses = '[]', activeProfiles = '{}', propertySourceLocations = '{}', propertySourceProperties = '{}', contextCustomizers = set[[empty]], resourceBasePath = 'src/main/webapp', contextLoader = 'org.springframework.test.context.web.WebDelegatingSmartContextLoader', parent = [null]], attributes = map['org.springframework.test.context.web.ServletTestExecutionListener.populatedRequestContextHolder' -> true, 'org.springframework.test.context.web.ServletTestExecutionListener.resetRequestContextHolder' -> true]]
[Test worker] INFO org.springframework.test.context.transaction.TransactionContext - Began transaction (1) for test context [DefaultTestContext@679bd1ee testClass = EmployeeRepositoryTest, testInstance = com.vinaylogics.springbasics.springmvcdemo.dao.EmployeeRepositoryTest@3bdefb40, testMethod = testGetEmployeeById@EmployeeRepositoryTest, testException = [null], mergedContextConfiguration = [WebMergedContextConfiguration@26d8ee77 testClass = EmployeeRepositoryTest, locations = '{classpath:webapp/WEB-INF/applicationConfig.xml}', classes = '{}', contextInitializerClasses = '[]', activeProfiles = '{}', propertySourceLocations = '{}', propertySourceProperties = '{}', contextCustomizers = set[[empty]], resourceBasePath = 'src/main/webapp', contextLoader = 'org.springframework.test.context.web.WebDelegatingSmartContextLoader', parent = [null]], attributes = map['org.springframework.test.context.web.ServletTestExecutionListener.populatedRequestContextHolder' -> true, 'org.springframework.test.context.web.ServletTestExecutionListener.resetRequestContextHolder' -> true]]; transaction manager [org.springframework.jdbc.datasource.DataSourceTransactionManager@7ffa9cb3]; rollback [true]
[Test worker] INFO org.springframework.test.context.transaction.TransactionContext - Rolled back transaction for test: [DefaultTestContext@679bd1ee testClass = EmployeeRepositoryTest, testInstance = com.vinaylogics.springbasics.springmvcdemo.dao.EmployeeRepositoryTest@3bdefb40, testMethod = testGetEmployeeById@EmployeeRepositoryTest, testException = [null], mergedContextConfiguration = [WebMergedContextConfiguration@26d8ee77 testClass = EmployeeRepositoryTest, locations = '{classpath:webapp/WEB-INF/applicationConfig.xml}', classes = '{}', contextInitializerClasses = '[]', activeProfiles = '{}', propertySourceLocations = '{}', propertySourceProperties = '{}', contextCustomizers = set[[empty]], resourceBasePath = 'src/main/webapp', contextLoader = 'org.springframework.test.context.web.WebDelegatingSmartContextLoader', parent = [null]], attributes = map['org.springframework.test.context.web.ServletTestExecutionListener.populatedRequestContextHolder' -> true, 'org.springframework.test.context.web.ServletTestExecutionListener.resetRequestContextHolder' -> true]]
]]></system-err>
</testsuite>
