<?xml version="1.0" encoding="UTF-8"?>
<testsuite name="com.vinaylogics.springbasics.springmvcdemo.repositories.EmployeeRepositoryTest" tests="7" skipped="0" failures="0" errors="0" timestamp="2020-07-13T15:47:42" hostname="DESKTOP-3P18DGO" time="0.876">
  <properties/>
  <testcase name="testGetEmployees()" classname="com.vinaylogics.springbasics.springmvcdemo.repositories.EmployeeRepositoryTest" time="0.752"/>
  <testcase name="testGetEmployeeById(int)[1]" classname="com.vinaylogics.springbasics.springmvcdemo.repositories.EmployeeRepositoryTest" time="0.075"/>
  <testcase name="testGetEmployeeById(int)[2]" classname="com.vinaylogics.springbasics.springmvcdemo.repositories.EmployeeRepositoryTest" time="0.004"/>
  <testcase name="testGetEmployeeById(int)[3]" classname="com.vinaylogics.springbasics.springmvcdemo.repositories.EmployeeRepositoryTest" time="0.004"/>
  <testcase name="testGetEmployeeById(int)[4]" classname="com.vinaylogics.springbasics.springmvcdemo.repositories.EmployeeRepositoryTest" time="0.005"/>
  <testcase name="testGetEmployeeById(int)[5]" classname="com.vinaylogics.springbasics.springmvcdemo.repositories.EmployeeRepositoryTest" time="0.004"/>
  <testcase name="saveEmployee()" classname="com.vinaylogics.springbasics.springmvcdemo.repositories.EmployeeRepositoryTest" time="0.007"/>
  <system-out><![CDATA[Employee{id=1, name='Saini', salary=50000.0}
Employee{id=2, name='Vinay', salary=60000.0}
Employee{id=3, name='Subash', salary=100000.0}
Employee{id=4, name='Aravind', salary=20000.0}
Employee{id=5, name='Astro', salary=12000.0}
Employee{id=6, name='Astro', salary=12000.0}
Employee{id=7, name='Astro', salary=12000.0}
Employee{id=8, name='Astro', salary=12000.0}
Employee{id=9, name='Vinay', salary=100000.0}
Employee{id=10, name='Saini', salary=80000.0}
Employee{id=11, name='Saini', salary=80000.0}
Employee{id=12, name='Astro', salary=12000.0}
Employee{id=1, name='Saini', salary=50000.0}
Employee{id=2, name='Vinay', salary=60000.0}
Employee{id=3, name='Subash', salary=100000.0}
Employee{id=4, name='Aravind', salary=20000.0}
Employee{id=5, name='Astro', salary=12000.0}
]]></system-out>
  <system-err><![CDATA[[Test worker] INFO org.springframework.test.context.web.WebTestContextBootstrapper - Loaded default TestExecutionListener class names from location [META-INF/spring.factories]: [org.springframework.test.context.web.ServletTestExecutionListener, org.springframework.test.context.support.DirtiesContextBeforeModesTestExecutionListener, org.springframework.test.context.support.DependencyInjectionTestExecutionListener, org.springframework.test.context.support.DirtiesContextTestExecutionListener, org.springframework.test.context.transaction.TransactionalTestExecutionListener, org.springframework.test.context.jdbc.SqlScriptsTestExecutionListener, org.springframework.test.context.event.EventPublishingTestExecutionListener]
[Test worker] INFO org.springframework.test.context.web.WebTestContextBootstrapper - Using TestExecutionListeners: [org.springframework.test.context.web.ServletTestExecutionListener@1e1afc4, org.springframework.test.context.support.DirtiesContextBeforeModesTestExecutionListener@3462768b, org.springframework.test.context.support.DependencyInjectionTestExecutionListener@7fb2f549, org.springframework.test.context.support.DirtiesContextTestExecutionListener@6f6d29c9, org.springframework.test.context.transaction.TransactionalTestExecutionListener@63fe246f, org.springframework.test.context.jdbc.SqlScriptsTestExecutionListener@440fc0b5, org.springframework.test.context.event.EventPublishingTestExecutionListener@2cff7dc0]
[Test worker] INFO org.springframework.test.context.transaction.TransactionContext - Began transaction (1) for test context [DefaultTestContext@1c3e0702 testClass = EmployeeRepositoryTest, testInstance = com.vinaylogics.springbasics.springmvcdemo.repositories.EmployeeRepositoryTest@5c32e0a4, testMethod = testGetEmployeeById@EmployeeRepositoryTest, testException = [null], mergedContextConfiguration = [WebMergedContextConfiguration@6534a7db testClass = EmployeeRepositoryTest, locations = '{classpath:mvc-configs.xml}', classes = '{}', contextInitializerClasses = '[]', activeProfiles = '{}', propertySourceLocations = '{}', propertySourceProperties = '{}', contextCustomizers = set[[empty]], resourceBasePath = 'src/main/webapp', contextLoader = 'org.springframework.test.context.web.WebDelegatingSmartContextLoader', parent = [null]], attributes = map['org.springframework.test.context.web.ServletTestExecutionListener.populatedRequestContextHolder' -> true, 'org.springframework.test.context.web.ServletTestExecutionListener.resetRequestContextHolder' -> true]]; transaction manager [org.springframework.jdbc.datasource.DataSourceTransactionManager@266d5f36]; rollback [true]
[Test worker] INFO org.springframework.test.context.transaction.TransactionContext - Rolled back transaction for test: [DefaultTestContext@1c3e0702 testClass = EmployeeRepositoryTest, testInstance = com.vinaylogics.springbasics.springmvcdemo.repositories.EmployeeRepositoryTest@5c32e0a4, testMethod = testGetEmployeeById@EmployeeRepositoryTest, testException = [null], mergedContextConfiguration = [WebMergedContextConfiguration@6534a7db testClass = EmployeeRepositoryTest, locations = '{classpath:mvc-configs.xml}', classes = '{}', contextInitializerClasses = '[]', activeProfiles = '{}', propertySourceLocations = '{}', propertySourceProperties = '{}', contextCustomizers = set[[empty]], resourceBasePath = 'src/main/webapp', contextLoader = 'org.springframework.test.context.web.WebDelegatingSmartContextLoader', parent = [null]], attributes = map['org.springframework.test.context.web.ServletTestExecutionListener.populatedRequestContextHolder' -> true, 'org.springframework.test.context.web.ServletTestExecutionListener.resetRequestContextHolder' -> true]]
[Test worker] INFO org.springframework.test.context.transaction.TransactionContext - Began transaction (1) for test context [DefaultTestContext@1c3e0702 testClass = EmployeeRepositoryTest, testInstance = com.vinaylogics.springbasics.springmvcdemo.repositories.EmployeeRepositoryTest@651e1563, testMethod = testGetEmployeeById@EmployeeRepositoryTest, testException = [null], mergedContextConfiguration = [WebMergedContextConfiguration@6534a7db testClass = EmployeeRepositoryTest, locations = '{classpath:mvc-configs.xml}', classes = '{}', contextInitializerClasses = '[]', activeProfiles = '{}', propertySourceLocations = '{}', propertySourceProperties = '{}', contextCustomizers = set[[empty]], resourceBasePath = 'src/main/webapp', contextLoader = 'org.springframework.test.context.web.WebDelegatingSmartContextLoader', parent = [null]], attributes = map['org.springframework.test.context.web.ServletTestExecutionListener.populatedRequestContextHolder' -> true, 'org.springframework.test.context.web.ServletTestExecutionListener.resetRequestContextHolder' -> true]]; transaction manager [org.springframework.jdbc.datasource.DataSourceTransactionManager@266d5f36]; rollback [true]
[Test worker] INFO org.springframework.test.context.transaction.TransactionContext - Rolled back transaction for test: [DefaultTestContext@1c3e0702 testClass = EmployeeRepositoryTest, testInstance = com.vinaylogics.springbasics.springmvcdemo.repositories.EmployeeRepositoryTest@651e1563, testMethod = testGetEmployeeById@EmployeeRepositoryTest, testException = [null], mergedContextConfiguration = [WebMergedContextConfiguration@6534a7db testClass = EmployeeRepositoryTest, locations = '{classpath:mvc-configs.xml}', classes = '{}', contextInitializerClasses = '[]', activeProfiles = '{}', propertySourceLocations = '{}', propertySourceProperties = '{}', contextCustomizers = set[[empty]], resourceBasePath = 'src/main/webapp', contextLoader = 'org.springframework.test.context.web.WebDelegatingSmartContextLoader', parent = [null]], attributes = map['org.springframework.test.context.web.ServletTestExecutionListener.populatedRequestContextHolder' -> true, 'org.springframework.test.context.web.ServletTestExecutionListener.resetRequestContextHolder' -> true]]
[Test worker] INFO org.springframework.test.context.transaction.TransactionContext - Began transaction (1) for test context [DefaultTestContext@1c3e0702 testClass = EmployeeRepositoryTest, testInstance = com.vinaylogics.springbasics.springmvcdemo.repositories.EmployeeRepositoryTest@20d3e967, testMethod = testGetEmployeeById@EmployeeRepositoryTest, testException = [null], mergedContextConfiguration = [WebMergedContextConfiguration@6534a7db testClass = EmployeeRepositoryTest, locations = '{classpath:mvc-configs.xml}', classes = '{}', contextInitializerClasses = '[]', activeProfiles = '{}', propertySourceLocations = '{}', propertySourceProperties = '{}', contextCustomizers = set[[empty]], resourceBasePath = 'src/main/webapp', contextLoader = 'org.springframework.test.context.web.WebDelegatingSmartContextLoader', parent = [null]], attributes = map['org.springframework.test.context.web.ServletTestExecutionListener.populatedRequestContextHolder' -> true, 'org.springframework.test.context.web.ServletTestExecutionListener.resetRequestContextHolder' -> true]]; transaction manager [org.springframework.jdbc.datasource.DataSourceTransactionManager@266d5f36]; rollback [true]
[Test worker] INFO org.springframework.test.context.transaction.TransactionContext - Rolled back transaction for test: [DefaultTestContext@1c3e0702 testClass = EmployeeRepositoryTest, testInstance = com.vinaylogics.springbasics.springmvcdemo.repositories.EmployeeRepositoryTest@20d3e967, testMethod = testGetEmployeeById@EmployeeRepositoryTest, testException = [null], mergedContextConfiguration = [WebMergedContextConfiguration@6534a7db testClass = EmployeeRepositoryTest, locations = '{classpath:mvc-configs.xml}', classes = '{}', contextInitializerClasses = '[]', activeProfiles = '{}', propertySourceLocations = '{}', propertySourceProperties = '{}', contextCustomizers = set[[empty]], resourceBasePath = 'src/main/webapp', contextLoader = 'org.springframework.test.context.web.WebDelegatingSmartContextLoader', parent = [null]], attributes = map['org.springframework.test.context.web.ServletTestExecutionListener.populatedRequestContextHolder' -> true, 'org.springframework.test.context.web.ServletTestExecutionListener.resetRequestContextHolder' -> true]]
[Test worker] INFO org.springframework.test.context.transaction.TransactionContext - Began transaction (1) for test context [DefaultTestContext@1c3e0702 testClass = EmployeeRepositoryTest, testInstance = com.vinaylogics.springbasics.springmvcdemo.repositories.EmployeeRepositoryTest@3667765d, testMethod = testGetEmployeeById@EmployeeRepositoryTest, testException = [null], mergedContextConfiguration = [WebMergedContextConfiguration@6534a7db testClass = EmployeeRepositoryTest, locations = '{classpath:mvc-configs.xml}', classes = '{}', contextInitializerClasses = '[]', activeProfiles = '{}', propertySourceLocations = '{}', propertySourceProperties = '{}', contextCustomizers = set[[empty]], resourceBasePath = 'src/main/webapp', contextLoader = 'org.springframework.test.context.web.WebDelegatingSmartContextLoader', parent = [null]], attributes = map['org.springframework.test.context.web.ServletTestExecutionListener.populatedRequestContextHolder' -> true, 'org.springframework.test.context.web.ServletTestExecutionListener.resetRequestContextHolder' -> true]]; transaction manager [org.springframework.jdbc.datasource.DataSourceTransactionManager@266d5f36]; rollback [true]
[Test worker] INFO org.springframework.test.context.transaction.TransactionContext - Rolled back transaction for test: [DefaultTestContext@1c3e0702 testClass = EmployeeRepositoryTest, testInstance = com.vinaylogics.springbasics.springmvcdemo.repositories.EmployeeRepositoryTest@3667765d, testMethod = testGetEmployeeById@EmployeeRepositoryTest, testException = [null], mergedContextConfiguration = [WebMergedContextConfiguration@6534a7db testClass = EmployeeRepositoryTest, locations = '{classpath:mvc-configs.xml}', classes = '{}', contextInitializerClasses = '[]', activeProfiles = '{}', propertySourceLocations = '{}', propertySourceProperties = '{}', contextCustomizers = set[[empty]], resourceBasePath = 'src/main/webapp', contextLoader = 'org.springframework.test.context.web.WebDelegatingSmartContextLoader', parent = [null]], attributes = map['org.springframework.test.context.web.ServletTestExecutionListener.populatedRequestContextHolder' -> true, 'org.springframework.test.context.web.ServletTestExecutionListener.resetRequestContextHolder' -> true]]
[Test worker] INFO org.springframework.test.context.transaction.TransactionContext - Began transaction (1) for test context [DefaultTestContext@1c3e0702 testClass = EmployeeRepositoryTest, testInstance = com.vinaylogics.springbasics.springmvcdemo.repositories.EmployeeRepositoryTest@20102656, testMethod = testGetEmployeeById@EmployeeRepositoryTest, testException = [null], mergedContextConfiguration = [WebMergedContextConfiguration@6534a7db testClass = EmployeeRepositoryTest, locations = '{classpath:mvc-configs.xml}', classes = '{}', contextInitializerClasses = '[]', activeProfiles = '{}', propertySourceLocations = '{}', propertySourceProperties = '{}', contextCustomizers = set[[empty]], resourceBasePath = 'src/main/webapp', contextLoader = 'org.springframework.test.context.web.WebDelegatingSmartContextLoader', parent = [null]], attributes = map['org.springframework.test.context.web.ServletTestExecutionListener.populatedRequestContextHolder' -> true, 'org.springframework.test.context.web.ServletTestExecutionListener.resetRequestContextHolder' -> true]]; transaction manager [org.springframework.jdbc.datasource.DataSourceTransactionManager@266d5f36]; rollback [true]
[Test worker] INFO org.springframework.test.context.transaction.TransactionContext - Rolled back transaction for test: [DefaultTestContext@1c3e0702 testClass = EmployeeRepositoryTest, testInstance = com.vinaylogics.springbasics.springmvcdemo.repositories.EmployeeRepositoryTest@20102656, testMethod = testGetEmployeeById@EmployeeRepositoryTest, testException = [null], mergedContextConfiguration = [WebMergedContextConfiguration@6534a7db testClass = EmployeeRepositoryTest, locations = '{classpath:mvc-configs.xml}', classes = '{}', contextInitializerClasses = '[]', activeProfiles = '{}', propertySourceLocations = '{}', propertySourceProperties = '{}', contextCustomizers = set[[empty]], resourceBasePath = 'src/main/webapp', contextLoader = 'org.springframework.test.context.web.WebDelegatingSmartContextLoader', parent = [null]], attributes = map['org.springframework.test.context.web.ServletTestExecutionListener.populatedRequestContextHolder' -> true, 'org.springframework.test.context.web.ServletTestExecutionListener.resetRequestContextHolder' -> true]]
]]></system-err>
</testsuite>
