<?xml version="1.0" encoding="UTF-8"?>
<testsuite name="com.vinaylogics.learnadvancejava.jdbc.basics.doas.BatchInsertDaoTest" tests="1" skipped="0" failures="0" errors="0" timestamp="2021-03-04T15:10:02" hostname="DESKTOP-3P18DGO" time="0.351">
  <properties/>
  <testcase name="savePointList()" classname="com.vinaylogics.learnadvancejava.jdbc.basics.doas.BatchInsertDaoTest" time="0.351"/>
  <system-out><![CDATA[Commit Successful at index 0
Commit Successful at index 10
Commit Successful at index 20
Commit Successful at index 30
Commit Successful at index 40
Commit Successful at index 50
]]></system-out>
  <system-err><![CDATA[]]></system-err>
</testsuite>
