<?xml version="1.0" encoding="UTF-8"?>
<testsuite name="com.vinaylogics.springbasics.mvc.jdbc.repositories.EmployeeRepositoryTest" tests="7" skipped="0" failures="0" errors="0" timestamp="2020-11-09T14:33:04" hostname="DESKTOP-3P18DGO" time="0.506">
  <properties/>
  <testcase name="findAll()" classname="com.vinaylogics.springbasics.mvc.jdbc.repositories.EmployeeRepositoryTest" time="0.403"/>
  <testcase name="For Employee with id = 1" classname="com.vinaylogics.springbasics.mvc.jdbc.repositories.EmployeeRepositoryTest" time="0.043"/>
  <testcase name="For Employee with id = 2" classname="com.vinaylogics.springbasics.mvc.jdbc.repositories.EmployeeRepositoryTest" time="0.007"/>
  <testcase name="For Employee with id = 3" classname="com.vinaylogics.springbasics.mvc.jdbc.repositories.EmployeeRepositoryTest" time="0.007"/>
  <testcase name="For Employee with id = 4" classname="com.vinaylogics.springbasics.mvc.jdbc.repositories.EmployeeRepositoryTest" time="0.005"/>
  <testcase name="For Employee with id = 5" classname="com.vinaylogics.springbasics.mvc.jdbc.repositories.EmployeeRepositoryTest" time="0.007"/>
  <testcase name="saveEmployee()" classname="com.vinaylogics.springbasics.mvc.jdbc.repositories.EmployeeRepositoryTest" time="0.007"/>
  <system-out><![CDATA[Employee{id=1, name='Saini', salary=50000.0}
Employee{id=2, name='Vinay', salary=60000.0}
Employee{id=3, name='Subash', salary=100000.0}
Employee{id=4, name='Aravind', salary=20000.0}
Employee{id=5, name='Astro', salary=12000.0}
Employee{id=6, name='Astro', salary=12000.0}
Employee{id=7, name='Astro', salary=12000.0}
Employee{id=8, name='Astro', salary=12000.0}
Employee{id=9, name='Vinay', salary=100000.0}
Employee{id=10, name='Saini', salary=80000.0}
Employee{id=11, name='Saini', salary=80000.0}
Employee{id=12, name='Astro', salary=12000.0}
Employee{id=13, name='Astro', salary=12000.0}
Employee{id=14, name='Meiyappan', salary=1000000.0}
Employee{id=15, name='Vinay', salary=100000.0}
Employee{id=16, name='Meiyappan', salary=100000.0}
Employee{id=17, name='Bhuvana', salary=1000000.0}
Employee{id=18, name='Bhuvana', salary=1000000.0}
Employee{id=19, name='Bhuvana', salary=1000000.0}
Employee{id=1, name='Saini', salary=50000.0}
Employee{id=2, name='Vinay', salary=60000.0}
Employee{id=3, name='Subash', salary=100000.0}
Employee{id=4, name='Aravind', salary=20000.0}
Employee{id=5, name='Astro', salary=12000.0}
]]></system-out>
  <system-err><![CDATA[[Test worker] INFO org.springframework.test.context.web.WebTestContextBootstrapper - Loaded default TestExecutionListener class names from location [META-INF/spring.factories]: [org.springframework.test.context.web.ServletTestExecutionListener, org.springframework.test.context.support.DirtiesContextBeforeModesTestExecutionListener, org.springframework.test.context.support.DependencyInjectionTestExecutionListener, org.springframework.test.context.support.DirtiesContextTestExecutionListener, org.springframework.test.context.transaction.TransactionalTestExecutionListener, org.springframework.test.context.jdbc.SqlScriptsTestExecutionListener, org.springframework.test.context.event.EventPublishingTestExecutionListener]
[Test worker] INFO org.springframework.test.context.web.WebTestContextBootstrapper - Using TestExecutionListeners: [org.springframework.test.context.web.ServletTestExecutionListener@294d70e5, org.springframework.test.context.support.DirtiesContextBeforeModesTestExecutionListener@72fd1d36, org.springframework.test.context.support.DependencyInjectionTestExecutionListener@909fff9, org.springframework.test.context.support.DirtiesContextTestExecutionListener@4fd63394, org.springframework.test.context.transaction.TransactionalTestExecutionListener@ddea8d3, org.springframework.test.context.jdbc.SqlScriptsTestExecutionListener@17d000f3, org.springframework.test.context.event.EventPublishingTestExecutionListener@51e0d3c7]
[Test worker] INFO org.springframework.test.context.transaction.TransactionContext - Began transaction (1) for test context [DefaultTestContext@1c0dd148 testClass = EmployeeRepositoryTest, testInstance = com.vinaylogics.springbasics.mvc.jdbc.repositories.EmployeeRepositoryTest@4499a539, testMethod = findById@EmployeeRepositoryTest, testException = [null], mergedContextConfiguration = [WebMergedContextConfiguration@6778a893 testClass = EmployeeRepositoryTest, locations = '{classpath:mvc-configs.xml}', classes = '{}', contextInitializerClasses = '[]', activeProfiles = '{}', propertySourceLocations = '{}', propertySourceProperties = '{}', contextCustomizers = set[[empty]], resourceBasePath = 'src/main/webapp', contextLoader = 'org.springframework.test.context.web.WebDelegatingSmartContextLoader', parent = [null]], attributes = map['org.springframework.test.context.web.ServletTestExecutionListener.populatedRequestContextHolder' -> true, 'org.springframework.test.context.web.ServletTestExecutionListener.resetRequestContextHolder' -> true]]; transaction manager [org.springframework.jdbc.datasource.DataSourceTransactionManager@54ec65f8]; rollback [true]
[Test worker] INFO org.springframework.test.context.transaction.TransactionContext - Rolled back transaction for test: [DefaultTestContext@1c0dd148 testClass = EmployeeRepositoryTest, testInstance = com.vinaylogics.springbasics.mvc.jdbc.repositories.EmployeeRepositoryTest@4499a539, testMethod = findById@EmployeeRepositoryTest, testException = [null], mergedContextConfiguration = [WebMergedContextConfiguration@6778a893 testClass = EmployeeRepositoryTest, locations = '{classpath:mvc-configs.xml}', classes = '{}', contextInitializerClasses = '[]', activeProfiles = '{}', propertySourceLocations = '{}', propertySourceProperties = '{}', contextCustomizers = set[[empty]], resourceBasePath = 'src/main/webapp', contextLoader = 'org.springframework.test.context.web.WebDelegatingSmartContextLoader', parent = [null]], attributes = map['org.springframework.test.context.web.ServletTestExecutionListener.populatedRequestContextHolder' -> true, 'org.springframework.test.context.web.ServletTestExecutionListener.resetRequestContextHolder' -> true]]
[Test worker] INFO org.springframework.test.context.transaction.TransactionContext - Began transaction (1) for test context [DefaultTestContext@1c0dd148 testClass = EmployeeRepositoryTest, testInstance = com.vinaylogics.springbasics.mvc.jdbc.repositories.EmployeeRepositoryTest@6b88f689, testMethod = findById@EmployeeRepositoryTest, testException = [null], mergedContextConfiguration = [WebMergedContextConfiguration@6778a893 testClass = EmployeeRepositoryTest, locations = '{classpath:mvc-configs.xml}', classes = '{}', contextInitializerClasses = '[]', activeProfiles = '{}', propertySourceLocations = '{}', propertySourceProperties = '{}', contextCustomizers = set[[empty]], resourceBasePath = 'src/main/webapp', contextLoader = 'org.springframework.test.context.web.WebDelegatingSmartContextLoader', parent = [null]], attributes = map['org.springframework.test.context.web.ServletTestExecutionListener.populatedRequestContextHolder' -> true, 'org.springframework.test.context.web.ServletTestExecutionListener.resetRequestContextHolder' -> true]]; transaction manager [org.springframework.jdbc.datasource.DataSourceTransactionManager@54ec65f8]; rollback [true]
[Test worker] INFO org.springframework.test.context.transaction.TransactionContext - Rolled back transaction for test: [DefaultTestContext@1c0dd148 testClass = EmployeeRepositoryTest, testInstance = com.vinaylogics.springbasics.mvc.jdbc.repositories.EmployeeRepositoryTest@6b88f689, testMethod = findById@EmployeeRepositoryTest, testException = [null], mergedContextConfiguration = [WebMergedContextConfiguration@6778a893 testClass = EmployeeRepositoryTest, locations = '{classpath:mvc-configs.xml}', classes = '{}', contextInitializerClasses = '[]', activeProfiles = '{}', propertySourceLocations = '{}', propertySourceProperties = '{}', contextCustomizers = set[[empty]], resourceBasePath = 'src/main/webapp', contextLoader = 'org.springframework.test.context.web.WebDelegatingSmartContextLoader', parent = [null]], attributes = map['org.springframework.test.context.web.ServletTestExecutionListener.populatedRequestContextHolder' -> true, 'org.springframework.test.context.web.ServletTestExecutionListener.resetRequestContextHolder' -> true]]
[Test worker] INFO org.springframework.test.context.transaction.TransactionContext - Began transaction (1) for test context [DefaultTestContext@1c0dd148 testClass = EmployeeRepositoryTest, testInstance = com.vinaylogics.springbasics.mvc.jdbc.repositories.EmployeeRepositoryTest@3347dd4d, testMethod = findById@EmployeeRepositoryTest, testException = [null], mergedContextConfiguration = [WebMergedContextConfiguration@6778a893 testClass = EmployeeRepositoryTest, locations = '{classpath:mvc-configs.xml}', classes = '{}', contextInitializerClasses = '[]', activeProfiles = '{}', propertySourceLocations = '{}', propertySourceProperties = '{}', contextCustomizers = set[[empty]], resourceBasePath = 'src/main/webapp', contextLoader = 'org.springframework.test.context.web.WebDelegatingSmartContextLoader', parent = [null]], attributes = map['org.springframework.test.context.web.ServletTestExecutionListener.populatedRequestContextHolder' -> true, 'org.springframework.test.context.web.ServletTestExecutionListener.resetRequestContextHolder' -> true]]; transaction manager [org.springframework.jdbc.datasource.DataSourceTransactionManager@54ec65f8]; rollback [true]
[Test worker] INFO org.springframework.test.context.transaction.TransactionContext - Rolled back transaction for test: [DefaultTestContext@1c0dd148 testClass = EmployeeRepositoryTest, testInstance = com.vinaylogics.springbasics.mvc.jdbc.repositories.EmployeeRepositoryTest@3347dd4d, testMethod = findById@EmployeeRepositoryTest, testException = [null], mergedContextConfiguration = [WebMergedContextConfiguration@6778a893 testClass = EmployeeRepositoryTest, locations = '{classpath:mvc-configs.xml}', classes = '{}', contextInitializerClasses = '[]', activeProfiles = '{}', propertySourceLocations = '{}', propertySourceProperties = '{}', contextCustomizers = set[[empty]], resourceBasePath = 'src/main/webapp', contextLoader = 'org.springframework.test.context.web.WebDelegatingSmartContextLoader', parent = [null]], attributes = map['org.springframework.test.context.web.ServletTestExecutionListener.populatedRequestContextHolder' -> true, 'org.springframework.test.context.web.ServletTestExecutionListener.resetRequestContextHolder' -> true]]
[Test worker] INFO org.springframework.test.context.transaction.TransactionContext - Began transaction (1) for test context [DefaultTestContext@1c0dd148 testClass = EmployeeRepositoryTest, testInstance = com.vinaylogics.springbasics.mvc.jdbc.repositories.EmployeeRepositoryTest@72380a11, testMethod = findById@EmployeeRepositoryTest, testException = [null], mergedContextConfiguration = [WebMergedContextConfiguration@6778a893 testClass = EmployeeRepositoryTest, locations = '{classpath:mvc-configs.xml}', classes = '{}', contextInitializerClasses = '[]', activeProfiles = '{}', propertySourceLocations = '{}', propertySourceProperties = '{}', contextCustomizers = set[[empty]], resourceBasePath = 'src/main/webapp', contextLoader = 'org.springframework.test.context.web.WebDelegatingSmartContextLoader', parent = [null]], attributes = map['org.springframework.test.context.web.ServletTestExecutionListener.populatedRequestContextHolder' -> true, 'org.springframework.test.context.web.ServletTestExecutionListener.resetRequestContextHolder' -> true]]; transaction manager [org.springframework.jdbc.datasource.DataSourceTransactionManager@54ec65f8]; rollback [true]
[Test worker] INFO org.springframework.test.context.transaction.TransactionContext - Rolled back transaction for test: [DefaultTestContext@1c0dd148 testClass = EmployeeRepositoryTest, testInstance = com.vinaylogics.springbasics.mvc.jdbc.repositories.EmployeeRepositoryTest@72380a11, testMethod = findById@EmployeeRepositoryTest, testException = [null], mergedContextConfiguration = [WebMergedContextConfiguration@6778a893 testClass = EmployeeRepositoryTest, locations = '{classpath:mvc-configs.xml}', classes = '{}', contextInitializerClasses = '[]', activeProfiles = '{}', propertySourceLocations = '{}', propertySourceProperties = '{}', contextCustomizers = set[[empty]], resourceBasePath = 'src/main/webapp', contextLoader = 'org.springframework.test.context.web.WebDelegatingSmartContextLoader', parent = [null]], attributes = map['org.springframework.test.context.web.ServletTestExecutionListener.populatedRequestContextHolder' -> true, 'org.springframework.test.context.web.ServletTestExecutionListener.resetRequestContextHolder' -> true]]
[Test worker] INFO org.springframework.test.context.transaction.TransactionContext - Began transaction (1) for test context [DefaultTestContext@1c0dd148 testClass = EmployeeRepositoryTest, testInstance = com.vinaylogics.springbasics.mvc.jdbc.repositories.EmployeeRepositoryTest@5a5c9e5a, testMethod = findById@EmployeeRepositoryTest, testException = [null], mergedContextConfiguration = [WebMergedContextConfiguration@6778a893 testClass = EmployeeRepositoryTest, locations = '{classpath:mvc-configs.xml}', classes = '{}', contextInitializerClasses = '[]', activeProfiles = '{}', propertySourceLocations = '{}', propertySourceProperties = '{}', contextCustomizers = set[[empty]], resourceBasePath = 'src/main/webapp', contextLoader = 'org.springframework.test.context.web.WebDelegatingSmartContextLoader', parent = [null]], attributes = map['org.springframework.test.context.web.ServletTestExecutionListener.populatedRequestContextHolder' -> true, 'org.springframework.test.context.web.ServletTestExecutionListener.resetRequestContextHolder' -> true]]; transaction manager [org.springframework.jdbc.datasource.DataSourceTransactionManager@54ec65f8]; rollback [true]
[Test worker] INFO org.springframework.test.context.transaction.TransactionContext - Rolled back transaction for test: [DefaultTestContext@1c0dd148 testClass = EmployeeRepositoryTest, testInstance = com.vinaylogics.springbasics.mvc.jdbc.repositories.EmployeeRepositoryTest@5a5c9e5a, testMethod = findById@EmployeeRepositoryTest, testException = [null], mergedContextConfiguration = [WebMergedContextConfiguration@6778a893 testClass = EmployeeRepositoryTest, locations = '{classpath:mvc-configs.xml}', classes = '{}', contextInitializerClasses = '[]', activeProfiles = '{}', propertySourceLocations = '{}', propertySourceProperties = '{}', contextCustomizers = set[[empty]], resourceBasePath = 'src/main/webapp', contextLoader = 'org.springframework.test.context.web.WebDelegatingSmartContextLoader', parent = [null]], attributes = map['org.springframework.test.context.web.ServletTestExecutionListener.populatedRequestContextHolder' -> true, 'org.springframework.test.context.web.ServletTestExecutionListener.resetRequestContextHolder' -> true]]
]]></system-err>
</testsuite>
