<?xml version="1.0" encoding="UTF-8"?>
<testsuite name="com.vinaylogics.springbasics.mvc.jdbc.repositories.EmployeeRepositoryTest" tests="5" skipped="0" failures="0" errors="0" timestamp="2020-11-24T15:25:24" hostname="DESKTOP-3P18DGO" time="0.466">
  <properties/>
  <testcase name="For Employee with id = 1" classname="com.vinaylogics.springbasics.mvc.jdbc.repositories.EmployeeRepositoryTest" time="0.437"/>
  <testcase name="For Employee with id = 2" classname="com.vinaylogics.springbasics.mvc.jdbc.repositories.EmployeeRepositoryTest" time="0.006"/>
  <testcase name="For Employee with id = 3" classname="com.vinaylogics.springbasics.mvc.jdbc.repositories.EmployeeRepositoryTest" time="0.005"/>
  <testcase name="For Employee with id = 4" classname="com.vinaylogics.springbasics.mvc.jdbc.repositories.EmployeeRepositoryTest" time="0.006"/>
  <testcase name="For Employee with id = 5" classname="com.vinaylogics.springbasics.mvc.jdbc.repositories.EmployeeRepositoryTest" time="0.005"/>
  <system-out><![CDATA[Employee{id=1, name='Saini', salary=50000.0}
Employee{id=2, name='Vinay', salary=60000.0}
Employee{id=3, name='Subash', salary=100000.0}
Employee{id=4, name='Aravind', salary=20000.0}
Employee{id=5, name='Astro', salary=12000.0}
]]></system-out>
  <system-err><![CDATA[[Test worker] INFO org.springframework.test.context.web.WebTestContextBootstrapper - Loaded default TestExecutionListener class names from location [META-INF/spring.factories]: [org.springframework.test.context.web.ServletTestExecutionListener, org.springframework.test.context.support.DirtiesContextBeforeModesTestExecutionListener, org.springframework.test.context.support.DependencyInjectionTestExecutionListener, org.springframework.test.context.support.DirtiesContextTestExecutionListener, org.springframework.test.context.transaction.TransactionalTestExecutionListener, org.springframework.test.context.jdbc.SqlScriptsTestExecutionListener, org.springframework.test.context.event.EventPublishingTestExecutionListener]
[Test worker] INFO org.springframework.test.context.web.WebTestContextBootstrapper - Using TestExecutionListeners: [org.springframework.test.context.web.ServletTestExecutionListener@5397da31, org.springframework.test.context.support.DirtiesContextBeforeModesTestExecutionListener@9171325, org.springframework.test.context.support.DependencyInjectionTestExecutionListener@26311d8a, org.springframework.test.context.support.DirtiesContextTestExecutionListener@58c08998, org.springframework.test.context.transaction.TransactionalTestExecutionListener@35eb96e3, org.springframework.test.context.jdbc.SqlScriptsTestExecutionListener@4542540, org.springframework.test.context.event.EventPublishingTestExecutionListener@2aa7b50d]
[Test worker] INFO org.springframework.test.context.transaction.TransactionContext - Began transaction (1) for test context [DefaultTestContext@21f45bbf testClass = EmployeeRepositoryTest, testInstance = com.vinaylogics.springbasics.mvc.jdbc.repositories.EmployeeRepositoryTest@3851e969, testMethod = findById@EmployeeRepositoryTest, testException = [null], mergedContextConfiguration = [WebMergedContextConfiguration@521543da testClass = EmployeeRepositoryTest, locations = '{classpath:mvc-configs.xml}', classes = '{}', contextInitializerClasses = '[]', activeProfiles = '{}', propertySourceLocations = '{}', propertySourceProperties = '{}', contextCustomizers = set[[empty]], resourceBasePath = 'src/main/webapp', contextLoader = 'org.springframework.test.context.web.WebDelegatingSmartContextLoader', parent = [null]], attributes = map['org.springframework.test.context.web.ServletTestExecutionListener.populatedRequestContextHolder' -> true, 'org.springframework.test.context.web.ServletTestExecutionListener.resetRequestContextHolder' -> true]]; transaction manager [org.springframework.jdbc.datasource.DataSourceTransactionManager@14883300]; rollback [true]
[Test worker] INFO org.springframework.test.context.transaction.TransactionContext - Rolled back transaction for test: [DefaultTestContext@21f45bbf testClass = EmployeeRepositoryTest, testInstance = com.vinaylogics.springbasics.mvc.jdbc.repositories.EmployeeRepositoryTest@3851e969, testMethod = findById@EmployeeRepositoryTest, testException = [null], mergedContextConfiguration = [WebMergedContextConfiguration@521543da testClass = EmployeeRepositoryTest, locations = '{classpath:mvc-configs.xml}', classes = '{}', contextInitializerClasses = '[]', activeProfiles = '{}', propertySourceLocations = '{}', propertySourceProperties = '{}', contextCustomizers = set[[empty]], resourceBasePath = 'src/main/webapp', contextLoader = 'org.springframework.test.context.web.WebDelegatingSmartContextLoader', parent = [null]], attributes = map['org.springframework.test.context.web.ServletTestExecutionListener.populatedRequestContextHolder' -> true, 'org.springframework.test.context.web.ServletTestExecutionListener.resetRequestContextHolder' -> true]]
[Test worker] INFO org.springframework.test.context.transaction.TransactionContext - Began transaction (1) for test context [DefaultTestContext@21f45bbf testClass = EmployeeRepositoryTest, testInstance = com.vinaylogics.springbasics.mvc.jdbc.repositories.EmployeeRepositoryTest@6172f933, testMethod = findById@EmployeeRepositoryTest, testException = [null], mergedContextConfiguration = [WebMergedContextConfiguration@521543da testClass = EmployeeRepositoryTest, locations = '{classpath:mvc-configs.xml}', classes = '{}', contextInitializerClasses = '[]', activeProfiles = '{}', propertySourceLocations = '{}', propertySourceProperties = '{}', contextCustomizers = set[[empty]], resourceBasePath = 'src/main/webapp', contextLoader = 'org.springframework.test.context.web.WebDelegatingSmartContextLoader', parent = [null]], attributes = map['org.springframework.test.context.web.ServletTestExecutionListener.populatedRequestContextHolder' -> true, 'org.springframework.test.context.web.ServletTestExecutionListener.resetRequestContextHolder' -> true]]; transaction manager [org.springframework.jdbc.datasource.DataSourceTransactionManager@14883300]; rollback [true]
[Test worker] INFO org.springframework.test.context.transaction.TransactionContext - Rolled back transaction for test: [DefaultTestContext@21f45bbf testClass = EmployeeRepositoryTest, testInstance = com.vinaylogics.springbasics.mvc.jdbc.repositories.EmployeeRepositoryTest@6172f933, testMethod = findById@EmployeeRepositoryTest, testException = [null], mergedContextConfiguration = [WebMergedContextConfiguration@521543da testClass = EmployeeRepositoryTest, locations = '{classpath:mvc-configs.xml}', classes = '{}', contextInitializerClasses = '[]', activeProfiles = '{}', propertySourceLocations = '{}', propertySourceProperties = '{}', contextCustomizers = set[[empty]], resourceBasePath = 'src/main/webapp', contextLoader = 'org.springframework.test.context.web.WebDelegatingSmartContextLoader', parent = [null]], attributes = map['org.springframework.test.context.web.ServletTestExecutionListener.populatedRequestContextHolder' -> true, 'org.springframework.test.context.web.ServletTestExecutionListener.resetRequestContextHolder' -> true]]
[Test worker] INFO org.springframework.test.context.transaction.TransactionContext - Began transaction (1) for test context [DefaultTestContext@21f45bbf testClass = EmployeeRepositoryTest, testInstance = com.vinaylogics.springbasics.mvc.jdbc.repositories.EmployeeRepositoryTest@35696b34, testMethod = findById@EmployeeRepositoryTest, testException = [null], mergedContextConfiguration = [WebMergedContextConfiguration@521543da testClass = EmployeeRepositoryTest, locations = '{classpath:mvc-configs.xml}', classes = '{}', contextInitializerClasses = '[]', activeProfiles = '{}', propertySourceLocations = '{}', propertySourceProperties = '{}', contextCustomizers = set[[empty]], resourceBasePath = 'src/main/webapp', contextLoader = 'org.springframework.test.context.web.WebDelegatingSmartContextLoader', parent = [null]], attributes = map['org.springframework.test.context.web.ServletTestExecutionListener.populatedRequestContextHolder' -> true, 'org.springframework.test.context.web.ServletTestExecutionListener.resetRequestContextHolder' -> true]]; transaction manager [org.springframework.jdbc.datasource.DataSourceTransactionManager@14883300]; rollback [true]
[Test worker] INFO org.springframework.test.context.transaction.TransactionContext - Rolled back transaction for test: [DefaultTestContext@21f45bbf testClass = EmployeeRepositoryTest, testInstance = com.vinaylogics.springbasics.mvc.jdbc.repositories.EmployeeRepositoryTest@35696b34, testMethod = findById@EmployeeRepositoryTest, testException = [null], mergedContextConfiguration = [WebMergedContextConfiguration@521543da testClass = EmployeeRepositoryTest, locations = '{classpath:mvc-configs.xml}', classes = '{}', contextInitializerClasses = '[]', activeProfiles = '{}', propertySourceLocations = '{}', propertySourceProperties = '{}', contextCustomizers = set[[empty]], resourceBasePath = 'src/main/webapp', contextLoader = 'org.springframework.test.context.web.WebDelegatingSmartContextLoader', parent = [null]], attributes = map['org.springframework.test.context.web.ServletTestExecutionListener.populatedRequestContextHolder' -> true, 'org.springframework.test.context.web.ServletTestExecutionListener.resetRequestContextHolder' -> true]]
[Test worker] INFO org.springframework.test.context.transaction.TransactionContext - Began transaction (1) for test context [DefaultTestContext@21f45bbf testClass = EmployeeRepositoryTest, testInstance = com.vinaylogics.springbasics.mvc.jdbc.repositories.EmployeeRepositoryTest@5d3aa184, testMethod = findById@EmployeeRepositoryTest, testException = [null], mergedContextConfiguration = [WebMergedContextConfiguration@521543da testClass = EmployeeRepositoryTest, locations = '{classpath:mvc-configs.xml}', classes = '{}', contextInitializerClasses = '[]', activeProfiles = '{}', propertySourceLocations = '{}', propertySourceProperties = '{}', contextCustomizers = set[[empty]], resourceBasePath = 'src/main/webapp', contextLoader = 'org.springframework.test.context.web.WebDelegatingSmartContextLoader', parent = [null]], attributes = map['org.springframework.test.context.web.ServletTestExecutionListener.populatedRequestContextHolder' -> true, 'org.springframework.test.context.web.ServletTestExecutionListener.resetRequestContextHolder' -> true]]; transaction manager [org.springframework.jdbc.datasource.DataSourceTransactionManager@14883300]; rollback [true]
[Test worker] INFO org.springframework.test.context.transaction.TransactionContext - Rolled back transaction for test: [DefaultTestContext@21f45bbf testClass = EmployeeRepositoryTest, testInstance = com.vinaylogics.springbasics.mvc.jdbc.repositories.EmployeeRepositoryTest@5d3aa184, testMethod = findById@EmployeeRepositoryTest, testException = [null], mergedContextConfiguration = [WebMergedContextConfiguration@521543da testClass = EmployeeRepositoryTest, locations = '{classpath:mvc-configs.xml}', classes = '{}', contextInitializerClasses = '[]', activeProfiles = '{}', propertySourceLocations = '{}', propertySourceProperties = '{}', contextCustomizers = set[[empty]], resourceBasePath = 'src/main/webapp', contextLoader = 'org.springframework.test.context.web.WebDelegatingSmartContextLoader', parent = [null]], attributes = map['org.springframework.test.context.web.ServletTestExecutionListener.populatedRequestContextHolder' -> true, 'org.springframework.test.context.web.ServletTestExecutionListener.resetRequestContextHolder' -> true]]
[Test worker] INFO org.springframework.test.context.transaction.TransactionContext - Began transaction (1) for test context [DefaultTestContext@21f45bbf testClass = EmployeeRepositoryTest, testInstance = com.vinaylogics.springbasics.mvc.jdbc.repositories.EmployeeRepositoryTest@b53271d, testMethod = findById@EmployeeRepositoryTest, testException = [null], mergedContextConfiguration = [WebMergedContextConfiguration@521543da testClass = EmployeeRepositoryTest, locations = '{classpath:mvc-configs.xml}', classes = '{}', contextInitializerClasses = '[]', activeProfiles = '{}', propertySourceLocations = '{}', propertySourceProperties = '{}', contextCustomizers = set[[empty]], resourceBasePath = 'src/main/webapp', contextLoader = 'org.springframework.test.context.web.WebDelegatingSmartContextLoader', parent = [null]], attributes = map['org.springframework.test.context.web.ServletTestExecutionListener.populatedRequestContextHolder' -> true, 'org.springframework.test.context.web.ServletTestExecutionListener.resetRequestContextHolder' -> true]]; transaction manager [org.springframework.jdbc.datasource.DataSourceTransactionManager@14883300]; rollback [true]
[Test worker] INFO org.springframework.test.context.transaction.TransactionContext - Rolled back transaction for test: [DefaultTestContext@21f45bbf testClass = EmployeeRepositoryTest, testInstance = com.vinaylogics.springbasics.mvc.jdbc.repositories.EmployeeRepositoryTest@b53271d, testMethod = findById@EmployeeRepositoryTest, testException = [null], mergedContextConfiguration = [WebMergedContextConfiguration@521543da testClass = EmployeeRepositoryTest, locations = '{classpath:mvc-configs.xml}', classes = '{}', contextInitializerClasses = '[]', activeProfiles = '{}', propertySourceLocations = '{}', propertySourceProperties = '{}', contextCustomizers = set[[empty]], resourceBasePath = 'src/main/webapp', contextLoader = 'org.springframework.test.context.web.WebDelegatingSmartContextLoader', parent = [null]], attributes = map['org.springframework.test.context.web.ServletTestExecutionListener.populatedRequestContextHolder' -> true, 'org.springframework.test.context.web.ServletTestExecutionListener.resetRequestContextHolder' -> true]]
]]></system-err>
</testsuite>
