<?xml version="1.0" encoding="UTF-8"?>
<testsuite name="com.vinaylogics.springbasics.springjdbcxml.dao.EmployeeDaoTest" tests="1" skipped="0" failures="0" errors="0" timestamp="2021-02-10T14:03:00" hostname="DESKTOP-3P18DGO" time="0.561">
  <properties/>
  <testcase name="getAllEmployees()" classname="com.vinaylogics.springbasics.springjdbcxml.dao.EmployeeDaoTest" time="0.561"/>
  <system-out><![CDATA[Employee{id=1, name='Saini', salary=50000.0}
Employee{id=2, name='Vinay', salary=60000.0}
Employee{id=3, name='Subash', salary=100000.0}
Employee{id=4, name='Aravind', salary=20000.0}
Employee{id=5, name='Astro', salary=12000.0}
Employee{id=6, name='Astro', salary=12000.0}
Employee{id=7, name='Astro', salary=12000.0}
Employee{id=8, name='Astro', salary=12000.0}
Employee{id=9, name='Vinay', salary=100000.0}
Employee{id=10, name='Saini', salary=80000.0}
Employee{id=11, name='Saini', salary=80000.0}
Employee{id=12, name='Astro', salary=12000.0}
Employee{id=13, name='Astro', salary=12000.0}
Employee{id=14, name='Meiyappan', salary=1000000.0}
Employee{id=15, name='Vinay', salary=100000.0}
Employee{id=16, name='Meiyappan', salary=100000.0}
Employee{id=17, name='Bhuvana', salary=1000000.0}
Employee{id=18, name='Bhuvana', salary=1000000.0}
Employee{id=19, name='Bhuvana', salary=1000000.0}
Employee{id=20, name='Astro', salary=12000.0}
Employee{id=21, name='Bhuvana', salary=100000.0}
Employee{id=22, name='Bhuvana', salary=1000000.0}
Employee{id=23, name='Veilu', salary=1000000.0}
Employee{id=24, name='Bhuvana', salary=1000000.0}
Employee{id=25, name='Astro', salary=12000.0}
Employee{id=26, name='Veilu', salary=1.0E7}
Employee{id=27, name='Sonaal', salary=100000.0}
]]></system-out>
  <system-err><![CDATA[]]></system-err>
</testsuite>
