<?xml version="1.0" encoding="UTF-8"?>
<testsuite name="com.vinaylogics.hibernate_tutorial.hql.named_query.NamedQueryTest" tests="5" skipped="0" failures="0" errors="0" timestamp="2021-01-17T07:10:10" hostname="DESKTOP-3P18DGO" time="1.692">
  <properties/>
  <testcase name="Named Query For Employees with id = 1" classname="com.vinaylogics.hibernate_tutorial.hql.named_query.NamedQueryTest" time="1.367"/>
  <testcase name="Named Query For Employees with id = 2" classname="com.vinaylogics.hibernate_tutorial.hql.named_query.NamedQueryTest" time="0.086"/>
  <testcase name="Named Query For Employees with id = 3" classname="com.vinaylogics.hibernate_tutorial.hql.named_query.NamedQueryTest" time="0.082"/>
  <testcase name="Named Query For Employees with id = 4" classname="com.vinaylogics.hibernate_tutorial.hql.named_query.NamedQueryTest" time="0.079"/>
  <testcase name="Named Query For Employees with id = 5" classname="com.vinaylogics.hibernate_tutorial.hql.named_query.NamedQueryTest" time="0.072"/>
  <system-out><![CDATA[Hibernate: select employee0_.id as id1_0_, employee0_.city as city2_0_, employee0_.country as country3_0_, employee0_.pin_code as pin_code4_0_, employee0_.first_name as first_na5_0_, employee0_.last_name as last_nam6_0_ from employee employee0_ where employee0_.id=?
Employee{id=1, firstName='Employee_First_1', lastName='Employee_Last_1', address=Address{city='Bangalore', country='India', pinCode=5600081}}
Hibernate: select employee0_.id as id1_0_, employee0_.city as city2_0_, employee0_.country as country3_0_, employee0_.pin_code as pin_code4_0_, employee0_.first_name as first_na5_0_, employee0_.last_name as last_nam6_0_ from employee employee0_ where employee0_.id=?
Employee{id=2, firstName='Employee_First_2', lastName='Employee_Last_2', address=Address{city='Bangalore', country='India', pinCode=5600082}}
Hibernate: select employee0_.id as id1_0_, employee0_.city as city2_0_, employee0_.country as country3_0_, employee0_.pin_code as pin_code4_0_, employee0_.first_name as first_na5_0_, employee0_.last_name as last_nam6_0_ from employee employee0_ where employee0_.id=?
Employee{id=3, firstName='Employee_First_3', lastName='Employee_Last_3', address=Address{city='Bangalore', country='India', pinCode=5600083}}
Hibernate: select employee0_.id as id1_0_, employee0_.city as city2_0_, employee0_.country as country3_0_, employee0_.pin_code as pin_code4_0_, employee0_.first_name as first_na5_0_, employee0_.last_name as last_nam6_0_ from employee employee0_ where employee0_.id=?
Employee{id=4, firstName='Employee_First_4', lastName='Employee_Last_4', address=Address{city='Bangalore', country='India', pinCode=5600084}}
Hibernate: select employee0_.id as id1_0_, employee0_.city as city2_0_, employee0_.country as country3_0_, employee0_.pin_code as pin_code4_0_, employee0_.first_name as first_na5_0_, employee0_.last_name as last_nam6_0_ from employee employee0_ where employee0_.id=?
Employee{id=5, firstName='Employee_First_5', lastName='Employee_Last_5', address=Address{city='Bangalore', country='India', pinCode=5600085}}
]]></system-out>
  <system-err><![CDATA[Jan 17, 2021 12:40:10 PM org.hibernate.Version logVersion
INFO: HHH000412: Hibernate ORM core version 5.4.27.Final
Jan 17, 2021 12:40:10 PM org.hibernate.boot.jaxb.internal.stax.LocalXmlResourceResolver resolveEntity
WARN: HHH90000012: Recognized obsolete hibernate namespace http://hibernate.sourceforge.net/hibernate-configuration. Use namespace http://www.hibernate.org/dtd/hibernate-configuration instead.  Support for obsolete DTD/XSD namespaces may be removed at any time.
Jan 17, 2021 12:40:10 PM org.hibernate.annotations.common.reflection.java.JavaReflectionManager <clinit>
INFO: HCANN000001: Hibernate Commons Annotations {5.1.2.Final}
Jan 17, 2021 12:40:11 PM org.hibernate.engine.jdbc.connections.internal.DriverManagerConnectionProviderImpl configure
WARN: HHH10001002: Using Hibernate built-in connection pool (not for production use!)
Jan 17, 2021 12:40:11 PM org.hibernate.engine.jdbc.connections.internal.DriverManagerConnectionProviderImpl buildCreator
INFO: HHH10001005: using driver [com.mysql.cj.jdbc.Driver] at URL [jdbc:mysql://localhost:3306/named_query]
Jan 17, 2021 12:40:11 PM org.hibernate.engine.jdbc.connections.internal.DriverManagerConnectionProviderImpl buildCreator
INFO: HHH10001001: Connection properties: {password=****, user=vinay}
Jan 17, 2021 12:40:11 PM org.hibernate.engine.jdbc.connections.internal.DriverManagerConnectionProviderImpl buildCreator
INFO: HHH10001003: Autocommit mode: false
Jan 17, 2021 12:40:11 PM org.hibernate.engine.jdbc.connections.internal.DriverManagerConnectionProviderImpl$PooledConnections <init>
INFO: HHH000115: Hibernate connection pool size: 20 (min=1)
Jan 17, 2021 12:40:11 PM org.hibernate.dialect.Dialect <init>
INFO: HHH000400: Using dialect: org.hibernate.dialect.MySQL8Dialect
Jan 17, 2021 12:40:11 PM org.hibernate.resource.transaction.backend.jdbc.internal.DdlTransactionIsolatorNonJtaImpl getIsolatedConnection
INFO: HHH10001501: Connection obtained from JdbcConnectionAccess [org.hibernate.engine.jdbc.env.internal.JdbcEnvironmentInitiator$ConnectionProviderJdbcConnectionAccess@7c4be97d] for (non-JTA) DDL execution was not in auto-commit mode; the Connection 'local transaction' will be committed and the Connection will be set into auto-commit mode.
Jan 17, 2021 12:40:11 PM org.hibernate.engine.transaction.jta.platform.internal.JtaPlatformInitiator initiateService
INFO: HHH000490: Using JtaPlatform implementation: [org.hibernate.engine.transaction.jta.platform.internal.NoJtaPlatform]
Jan 17, 2021 12:40:11 PM org.hibernate.engine.jdbc.connections.internal.DriverManagerConnectionProviderImpl$PoolState stop
INFO: HHH10001008: Cleaning up connection pool [jdbc:mysql://localhost:3306/named_query]
Jan 17, 2021 12:40:11 PM org.hibernate.boot.jaxb.internal.stax.LocalXmlResourceResolver resolveEntity
WARN: HHH90000012: Recognized obsolete hibernate namespace http://hibernate.sourceforge.net/hibernate-configuration. Use namespace http://www.hibernate.org/dtd/hibernate-configuration instead.  Support for obsolete DTD/XSD namespaces may be removed at any time.
Jan 17, 2021 12:40:12 PM org.hibernate.engine.jdbc.connections.internal.DriverManagerConnectionProviderImpl configure
WARN: HHH10001002: Using Hibernate built-in connection pool (not for production use!)
Jan 17, 2021 12:40:12 PM org.hibernate.engine.jdbc.connections.internal.DriverManagerConnectionProviderImpl buildCreator
INFO: HHH10001005: using driver [com.mysql.cj.jdbc.Driver] at URL [jdbc:mysql://localhost:3306/named_query]
Jan 17, 2021 12:40:12 PM org.hibernate.engine.jdbc.connections.internal.DriverManagerConnectionProviderImpl buildCreator
INFO: HHH10001001: Connection properties: {password=****, user=vinay}
Jan 17, 2021 12:40:12 PM org.hibernate.engine.jdbc.connections.internal.DriverManagerConnectionProviderImpl buildCreator
INFO: HHH10001003: Autocommit mode: false
Jan 17, 2021 12:40:12 PM org.hibernate.engine.jdbc.connections.internal.DriverManagerConnectionProviderImpl$PooledConnections <init>
INFO: HHH000115: Hibernate connection pool size: 20 (min=1)
Jan 17, 2021 12:40:12 PM org.hibernate.dialect.Dialect <init>
INFO: HHH000400: Using dialect: org.hibernate.dialect.MySQL8Dialect
Jan 17, 2021 12:40:12 PM org.hibernate.resource.transaction.backend.jdbc.internal.DdlTransactionIsolatorNonJtaImpl getIsolatedConnection
INFO: HHH10001501: Connection obtained from JdbcConnectionAccess [org.hibernate.engine.jdbc.env.internal.JdbcEnvironmentInitiator$ConnectionProviderJdbcConnectionAccess@70cd8079] for (non-JTA) DDL execution was not in auto-commit mode; the Connection 'local transaction' will be committed and the Connection will be set into auto-commit mode.
Jan 17, 2021 12:40:12 PM org.hibernate.engine.transaction.jta.platform.internal.JtaPlatformInitiator initiateService
INFO: HHH000490: Using JtaPlatform implementation: [org.hibernate.engine.transaction.jta.platform.internal.NoJtaPlatform]
Jan 17, 2021 12:40:12 PM org.hibernate.engine.jdbc.connections.internal.DriverManagerConnectionProviderImpl$PoolState stop
INFO: HHH10001008: Cleaning up connection pool [jdbc:mysql://localhost:3306/named_query]
Jan 17, 2021 12:40:12 PM org.hibernate.boot.jaxb.internal.stax.LocalXmlResourceResolver resolveEntity
WARN: HHH90000012: Recognized obsolete hibernate namespace http://hibernate.sourceforge.net/hibernate-configuration. Use namespace http://www.hibernate.org/dtd/hibernate-configuration instead.  Support for obsolete DTD/XSD namespaces may be removed at any time.
Jan 17, 2021 12:40:12 PM org.hibernate.engine.jdbc.connections.internal.DriverManagerConnectionProviderImpl configure
WARN: HHH10001002: Using Hibernate built-in connection pool (not for production use!)
Jan 17, 2021 12:40:12 PM org.hibernate.engine.jdbc.connections.internal.DriverManagerConnectionProviderImpl buildCreator
INFO: HHH10001005: using driver [com.mysql.cj.jdbc.Driver] at URL [jdbc:mysql://localhost:3306/named_query]
Jan 17, 2021 12:40:12 PM org.hibernate.engine.jdbc.connections.internal.DriverManagerConnectionProviderImpl buildCreator
INFO: HHH10001001: Connection properties: {password=****, user=vinay}
Jan 17, 2021 12:40:12 PM org.hibernate.engine.jdbc.connections.internal.DriverManagerConnectionProviderImpl buildCreator
INFO: HHH10001003: Autocommit mode: false
Jan 17, 2021 12:40:12 PM org.hibernate.engine.jdbc.connections.internal.DriverManagerConnectionProviderImpl$PooledConnections <init>
INFO: HHH000115: Hibernate connection pool size: 20 (min=1)
Jan 17, 2021 12:40:12 PM org.hibernate.dialect.Dialect <init>
INFO: HHH000400: Using dialect: org.hibernate.dialect.MySQL8Dialect
Jan 17, 2021 12:40:12 PM org.hibernate.resource.transaction.backend.jdbc.internal.DdlTransactionIsolatorNonJtaImpl getIsolatedConnection
INFO: HHH10001501: Connection obtained from JdbcConnectionAccess [org.hibernate.engine.jdbc.env.internal.JdbcEnvironmentInitiator$ConnectionProviderJdbcConnectionAccess@4d387867] for (non-JTA) DDL execution was not in auto-commit mode; the Connection 'local transaction' will be committed and the Connection will be set into auto-commit mode.
Jan 17, 2021 12:40:12 PM org.hibernate.engine.transaction.jta.platform.internal.JtaPlatformInitiator initiateService
INFO: HHH000490: Using JtaPlatform implementation: [org.hibernate.engine.transaction.jta.platform.internal.NoJtaPlatform]
Jan 17, 2021 12:40:12 PM org.hibernate.engine.jdbc.connections.internal.DriverManagerConnectionProviderImpl$PoolState stop
INFO: HHH10001008: Cleaning up connection pool [jdbc:mysql://localhost:3306/named_query]
Jan 17, 2021 12:40:12 PM org.hibernate.boot.jaxb.internal.stax.LocalXmlResourceResolver resolveEntity
WARN: HHH90000012: Recognized obsolete hibernate namespace http://hibernate.sourceforge.net/hibernate-configuration. Use namespace http://www.hibernate.org/dtd/hibernate-configuration instead.  Support for obsolete DTD/XSD namespaces may be removed at any time.
Jan 17, 2021 12:40:12 PM org.hibernate.engine.jdbc.connections.internal.DriverManagerConnectionProviderImpl configure
WARN: HHH10001002: Using Hibernate built-in connection pool (not for production use!)
Jan 17, 2021 12:40:12 PM org.hibernate.engine.jdbc.connections.internal.DriverManagerConnectionProviderImpl buildCreator
INFO: HHH10001005: using driver [com.mysql.cj.jdbc.Driver] at URL [jdbc:mysql://localhost:3306/named_query]
Jan 17, 2021 12:40:12 PM org.hibernate.engine.jdbc.connections.internal.DriverManagerConnectionProviderImpl buildCreator
INFO: HHH10001001: Connection properties: {password=****, user=vinay}
Jan 17, 2021 12:40:12 PM org.hibernate.engine.jdbc.connections.internal.DriverManagerConnectionProviderImpl buildCreator
INFO: HHH10001003: Autocommit mode: false
Jan 17, 2021 12:40:12 PM org.hibernate.engine.jdbc.connections.internal.DriverManagerConnectionProviderImpl$PooledConnections <init>
INFO: HHH000115: Hibernate connection pool size: 20 (min=1)
Jan 17, 2021 12:40:12 PM org.hibernate.dialect.Dialect <init>
INFO: HHH000400: Using dialect: org.hibernate.dialect.MySQL8Dialect
Jan 17, 2021 12:40:12 PM org.hibernate.resource.transaction.backend.jdbc.internal.DdlTransactionIsolatorNonJtaImpl getIsolatedConnection
INFO: HHH10001501: Connection obtained from JdbcConnectionAccess [org.hibernate.engine.jdbc.env.internal.JdbcEnvironmentInitiator$ConnectionProviderJdbcConnectionAccess@6aa667c5] for (non-JTA) DDL execution was not in auto-commit mode; the Connection 'local transaction' will be committed and the Connection will be set into auto-commit mode.
Jan 17, 2021 12:40:12 PM org.hibernate.engine.transaction.jta.platform.internal.JtaPlatformInitiator initiateService
INFO: HHH000490: Using JtaPlatform implementation: [org.hibernate.engine.transaction.jta.platform.internal.NoJtaPlatform]
Jan 17, 2021 12:40:12 PM org.hibernate.engine.jdbc.connections.internal.DriverManagerConnectionProviderImpl$PoolState stop
INFO: HHH10001008: Cleaning up connection pool [jdbc:mysql://localhost:3306/named_query]
Jan 17, 2021 12:40:12 PM org.hibernate.boot.jaxb.internal.stax.LocalXmlResourceResolver resolveEntity
WARN: HHH90000012: Recognized obsolete hibernate namespace http://hibernate.sourceforge.net/hibernate-configuration. Use namespace http://www.hibernate.org/dtd/hibernate-configuration instead.  Support for obsolete DTD/XSD namespaces may be removed at any time.
Jan 17, 2021 12:40:12 PM org.hibernate.engine.jdbc.connections.internal.DriverManagerConnectionProviderImpl configure
WARN: HHH10001002: Using Hibernate built-in connection pool (not for production use!)
Jan 17, 2021 12:40:12 PM org.hibernate.engine.jdbc.connections.internal.DriverManagerConnectionProviderImpl buildCreator
INFO: HHH10001005: using driver [com.mysql.cj.jdbc.Driver] at URL [jdbc:mysql://localhost:3306/named_query]
Jan 17, 2021 12:40:12 PM org.hibernate.engine.jdbc.connections.internal.DriverManagerConnectionProviderImpl buildCreator
INFO: HHH10001001: Connection properties: {password=****, user=vinay}
Jan 17, 2021 12:40:12 PM org.hibernate.engine.jdbc.connections.internal.DriverManagerConnectionProviderImpl buildCreator
INFO: HHH10001003: Autocommit mode: false
Jan 17, 2021 12:40:12 PM org.hibernate.engine.jdbc.connections.internal.DriverManagerConnectionProviderImpl$PooledConnections <init>
INFO: HHH000115: Hibernate connection pool size: 20 (min=1)
Jan 17, 2021 12:40:12 PM org.hibernate.dialect.Dialect <init>
INFO: HHH000400: Using dialect: org.hibernate.dialect.MySQL8Dialect
Jan 17, 2021 12:40:12 PM org.hibernate.resource.transaction.backend.jdbc.internal.DdlTransactionIsolatorNonJtaImpl getIsolatedConnection
INFO: HHH10001501: Connection obtained from JdbcConnectionAccess [org.hibernate.engine.jdbc.env.internal.JdbcEnvironmentInitiator$ConnectionProviderJdbcConnectionAccess@6110bac9] for (non-JTA) DDL execution was not in auto-commit mode; the Connection 'local transaction' will be committed and the Connection will be set into auto-commit mode.
Jan 17, 2021 12:40:12 PM org.hibernate.engine.transaction.jta.platform.internal.JtaPlatformInitiator initiateService
INFO: HHH000490: Using JtaPlatform implementation: [org.hibernate.engine.transaction.jta.platform.internal.NoJtaPlatform]
Jan 17, 2021 12:40:12 PM org.hibernate.engine.jdbc.connections.internal.DriverManagerConnectionProviderImpl$PoolState stop
INFO: HHH10001008: Cleaning up connection pool [jdbc:mysql://localhost:3306/named_query]
]]></system-err>
</testsuite>
